super_pole_position/agents/openai_agent.py:41: error: Cannot find implementation or library stub for module named "openai"  [import-not-found]
super_pole_position/agents/mistral_agent.py:21: error: Cannot find implementation or library stub for module named "mistralai.client"  [import-not-found]
super_pole_position/agents/mistral_agent.py:21: note: See https://mypy.readthedocs.io/en/stable/running_mypy.html#missing-imports
super_pole_position/agents/mistral_agent.py:38: error: Missing type parameters for generic type "dict"  [type-arg]
super_pole_position/physics/track.py:197: error: Function is missing a type annotation for one or more arguments  [no-untyped-def]
super_pole_position/physics/track.py:375: error: Function is missing a type annotation for one or more arguments  [no-untyped-def]
super_pole_position/physics/track.py:386: error: Function is missing a type annotation  [no-untyped-def]
super_pole_position/physics/track.py:397: error: Function is missing a type annotation for one or more arguments  [no-untyped-def]
super_pole_position/physics/track.py:413: error: Returning Any from function declared to return "float"  [no-any-return]
super_pole_position/physics/track.py:415: error: Function is missing a type annotation for one or more arguments  [no-untyped-def]
super_pole_position/physics/track.py:421: error: Returning Any from function declared to return "float"  [no-any-return]
super_pole_position/physics/track.py:423: error: Function is missing a type annotation for one or more arguments  [no-untyped-def]
super_pole_position/physics/track.py:433: error: Function is missing a type annotation for one or more arguments  [no-untyped-def]
super_pole_position/physics/track.py:443: error: Function is missing a type annotation for one or more arguments  [no-untyped-def]
super_pole_position/physics/track.py:452: error: Function is missing a type annotation for one or more arguments  [no-untyped-def]
super_pole_position/physics/track.py:457: error: Function is missing a type annotation for one or more arguments  [no-untyped-def]
super_pole_position/physics/track.py:476: error: Function is missing a type annotation for one or more arguments  [no-untyped-def]
super_pole_position/physics/track.py:489: error: Function is missing a type annotation for one or more arguments  [no-untyped-def]
super_pole_position/evaluation/scores.py:33: error: Returning Any from function declared to return "list[dict[str, Any]]"  [no-any-return]
super_pole_position/evaluation/scores.py:77: error: Returning Any from function declared to return "bool"  [no-any-return]
super_pole_position/evaluation/lap_times.py:18: error: Missing type parameters for generic type "Dict"  [type-arg]
super_pole_position/evaluation/lap_times.py:24: error: Returning Any from function declared to return "list[dict[Any, Any]]"  [no-any-return]
super_pole_position/evaluation/lap_times.py:62: error: Returning Any from function declared to return "bool"  [no-any-return]
super_pole_position/ai_cpu.py:78: error: Function is missing a return type annotation  [no-untyped-def]
super_pole_position/physics/traffic_car.py:18: error: Function is missing a type annotation  [no-untyped-def]
super_pole_position/physics/traffic_car.py:23: error: Function is missing a type annotation  [no-untyped-def]
super_pole_position/server/api.py:12: error: Cannot find implementation or library stub for module named "fastapi"  [import-not-found]
super_pole_position/server/api.py:13: error: Cannot find implementation or library stub for module named "fastapi.responses"  [import-not-found]
super_pole_position/server/api.py:14: error: Cannot find implementation or library stub for module named "pydantic"  [import-not-found]
super_pole_position/server/api.py:17: error: Unused "type: ignore" comment  [unused-ignore]
super_pole_position/server/api.py:19: error: Unused "type: ignore" comment  [unused-ignore]
super_pole_position/server/api.py:22: error: Class cannot subclass "BaseModel" (has type "Any")  [misc]
super_pole_position/server/api.py:29: error: Class cannot subclass "BaseModel" (has type "Any")  [misc]
super_pole_position/server/api.py:48: error: Untyped decorator makes function "get_scores" untyped  [misc]
super_pole_position/server/api.py:52: error: Untyped decorator makes function "get_laps" untyped  [misc]
super_pole_position/server/api.py:58: error: Untyped decorator makes function "post_score" untyped  [misc]
super_pole_position/server/api.py:66: error: Untyped decorator makes function "post_lap" untyped  [misc]
super_pole_position/server/api.py:83: error: Cannot find implementation or library stub for module named "uvicorn"  [import-not-found]
gymnasium/__init__.py:6: error: Missing type parameters for generic type "dict"  [type-arg]
gymnasium/__init__.py:13: error: Function is missing a type annotation  [no-untyped-def]
gymnasium/__init__.py:16: error: Function is missing a type annotation  [no-untyped-def]
gymnasium/__init__.py:20: error: Function is missing a return type annotation  [no-untyped-def]
gymnasium/__init__.py:20: note: Use "-> None" if function does not return a value
gymnasium/__init__.py:23: error: Function is missing a return type annotation  [no-untyped-def]
gymnasium/__init__.py:23: note: Use "-> None" if function does not return a value
gymnasium/__init__.py:36: error: Function is missing a type annotation for one or more arguments  [no-untyped-def]
gymnasium/__init__.py:49: error: Missing type parameters for generic type "dict"  [type-arg]
gymnasium/__init__.py:52: error: Return type "dict[Any, Any]" of "sample" incompatible with return type "ndarray[tuple[Any, ...], dtype[Any]]" in supertype "Space"  [override]
gymnasium/__init__.py:52: error: Missing type parameters for generic type "dict"  [type-arg]
src/audio/sfx.py:43: error: Argument 1 to "play" of "Channel" has incompatible type "Sound | None"; expected "Sound"  [arg-type]
src/audio/sfx.py:58: error: "Sound" has no attribute "set_pitch"  [attr-defined]
super_pole_position/ui/sprites.py:21: error: Unused "type: ignore" comment  [unused-ignore]
super_pole_position/ui/sprites.py:23: error: Incompatible types in assignment (expression has type "None", variable has type Module)  [assignment]
super_pole_position/ui/sprites.py:128: error: Need type annotation for "size_map"  [var-annotated]
super_pole_position/agents/keyboard_agent.py:13: error: Unused "type: ignore" comment  [unused-ignore]
super_pole_position/agents/keyboard_agent.py:15: error: Incompatible types in assignment (expression has type "None", variable has type Module)  [assignment]
super_pole_position/agents/keyboard_agent.py:37: error: Function is missing a type annotation for one or more arguments  [no-untyped-def]
super_pole_position/agents/keyboard_agent.py:37: error: Missing type parameters for generic type "dict"  [type-arg]
super_pole_position/agents/keyboard_agent.py:45: error: Unused "type: ignore" comment  [unused-ignore]
super_pole_position/agents/joystick_agent.py:15: error: Unused "type: ignore" comment  [unused-ignore]
super_pole_position/agents/joystick_agent.py:17: error: Incompatible types in assignment (expression has type "None", variable has type Module)  [assignment]
super_pole_position/agents/joystick_agent.py:65: error: Function is missing a type annotation for one or more arguments  [no-untyped-def]
super_pole_position/agents/joystick_agent.py:65: error: Missing type parameters for generic type "dict"  [type-arg]
super_pole_position/ui/menu.py:23: error: Unused "type: ignore" comment  [unused-ignore]
super_pole_position/ui/menu.py:25: error: Incompatible types in assignment (expression has type "None", variable has type Module)  [assignment]
super_pole_position/ui/menu.py:29: error: Unused "type: ignore" comment  [unused-ignore]
super_pole_position/ui/menu.py:34: error: Function is missing a type annotation for one or more arguments  [no-untyped-def]
super_pole_position/ui/menu.py:77: error: Function is missing a type annotation for one or more arguments  [no-untyped-def]
super_pole_position/ui/menu.py:128: error: Missing type parameters for generic type "list"  [type-arg]
super_pole_position/ui/menu.py:131: error: Incompatible return value type (got "object", expected "list[Any]")  [return-value]
super_pole_position/ui/menu.py:133: error: Function is missing a return type annotation  [no-untyped-def]
super_pole_position/ui/menu.py:152: error: Missing type parameters for generic type "dict"  [type-arg]
super_pole_position/ui/menu.py:182: error: Function is missing a type annotation for one or more arguments  [no-untyped-def]
super_pole_position/ui/menu.py:182: error: Missing type parameters for generic type "dict"  [type-arg]
super_pole_position/ui/arcade.py:35: error: Missing type parameters for generic type "dict"  [type-arg]
super_pole_position/ui/arcade.py:62: error: Incompatible types in assignment (expression has type "float", variable has type "str")  [assignment]
super_pole_position/ui/arcade.py:64: error: Incompatible types in assignment (expression has type "int", variable has type "str")  [assignment]
super_pole_position/ui/arcade.py:65: error: Incompatible types in assignment (expression has type "str", target has type "int")  [assignment]
super_pole_position/ui/arcade.py:81: error: Unused "type: ignore" comment  [unused-ignore]
super_pole_position/ui/arcade.py:83: error: Incompatible types in assignment (expression has type "None", variable has type Module)  [assignment]
super_pole_position/ui/arcade.py:146: error: Function is missing a type annotation  [no-untyped-def]
super_pole_position/ui/arcade.py:195: error: Function is missing a type annotation for one or more arguments  [no-untyped-def]
super_pole_position/ui/arcade.py:211: error: Function is missing a type annotation for one or more arguments  [no-untyped-def]
super_pole_position/ui/arcade.py:240: error: Function is missing a type annotation for one or more arguments  [no-untyped-def]
super_pole_position/ui/arcade.py:274: error: Function is missing a type annotation  [no-untyped-def]
super_pole_position/ui/arcade.py:293: error: Incompatible types in assignment (expression has type "None", variable has type "Surface")  [assignment]
super_pole_position/ui/arcade.py:314: error: List item 0 has incompatible type "Surface | None"; expected "Surface"  [list-item]
super_pole_position/ui/arcade.py:326: error: List comprehension has incompatible type List[Surface | None]; expected List[Surface]  [misc]
super_pole_position/ui/arcade.py:332: error: Incompatible types in assignment (expression has type "float", variable has type "int")  [assignment]
super_pole_position/ui/arcade.py:340: error: Incompatible types in assignment (expression has type "None", variable has type "Surface")  [assignment]
super_pole_position/ui/arcade.py:341: error: Incompatible types in assignment (expression has type "None", variable has type "Font")  [assignment]
super_pole_position/ui/arcade.py:345: error: Function is missing a type annotation for one or more arguments  [no-untyped-def]
super_pole_position/ui/arcade.py:395: error: Function is missing a type annotation for one or more arguments  [no-untyped-def]
super_pole_position/ui/arcade.py:410: error: Unsupported operand types for * ("float" and "int")  [operator]
super_pole_position/ui/arcade.py:411: error: Unsupported operand types for * ("float" and "int")  [operator]
super_pole_position/ui/arcade.py:428: error: Function is missing a type annotation for one or more arguments  [no-untyped-def]
super_pole_position/ui/arcade.py:511: error: Incompatible types in assignment (expression has type "float", variable has type "int")  [assignment]
super_pole_position/ui/arcade.py:529: error: Incompatible types in assignment (expression has type "float", variable has type "int")  [assignment]
super_pole_position/ui/arcade.py:579: error: Incompatible types in assignment (expression has type "Surface | None", variable has type "Surface")  [assignment]
super_pole_position/ui/arcade.py:581: error: Incompatible types in assignment (expression has type "Surface | None", variable has type "Surface")  [assignment]
super_pole_position/ui/arcade.py:651: error: Incompatible types in assignment (expression has type "Surface", variable has type "float")  [assignment]
super_pole_position/ui/arcade.py:652: error: Argument 1 to "blit" of "Surface" has incompatible type "float"; expected "Surface"  [arg-type]
super_pole_position/ui/arcade.py:703: error: No overload variant of "range" matches argument types "int", "Any", "float"  [call-overload]
super_pole_position/ui/arcade.py:703: note: Possible overload variants:
super_pole_position/ui/arcade.py:703: note:     def range(SupportsIndex, /) -> range
super_pole_position/ui/arcade.py:703: note:     def range(SupportsIndex, SupportsIndex, SupportsIndex = ..., /) -> range
super_pole_position/envs/pole_position.py:26: error: Incompatible types in assignment (expression has type "None", variable has type Module)  [assignment]
super_pole_position/envs/pole_position.py:27: error: Incompatible types in assignment (expression has type "None", variable has type Module)  [assignment]
super_pole_position/envs/pole_position.py:126: error: Argument 1 to "_seed_all" has incompatible type "int | None"; expected "int"  [arg-type]
super_pole_position/envs/pole_position.py:185: error: Call to untyped function "TrafficCar" in typed context  [no-untyped-call]
super_pole_position/envs/pole_position.py:200: error: Incompatible types in assignment (expression has type "gymnasium.Dict", variable has type "None")  [assignment]
super_pole_position/envs/pole_position.py:224: error: Incompatible types in assignment (expression has type "Box", variable has type "None")  [assignment]
super_pole_position/envs/pole_position.py:269: error: Missing type parameters for generic type "dict"  [type-arg]
super_pole_position/envs/pole_position.py:352: error: Missing type parameters for generic type "dict"  [type-arg]
super_pole_position/envs/pole_position.py:353: error: Missing type parameters for generic type "dict"  [type-arg]
super_pole_position/envs/pole_position.py:354: error: Call to untyped function "reset" in typed context  [no-untyped-call]
super_pole_position/envs/pole_position.py:355: error: Argument 1 to "_seed_all" has incompatible type "int | None"; expected "int"  [arg-type]
super_pole_position/envs/pole_position.py:411: error: "Car" has no attribute "target_speed"  [attr-defined]
super_pole_position/envs/pole_position.py:413: error: "Car" has no attribute "target_speed"  [attr-defined]
super_pole_position/envs/pole_position.py:415: error: "Car" has no attribute "target_speed"  [attr-defined]
super_pole_position/envs/pole_position.py:418: error: "Car" has no attribute "prev_x"  [attr-defined]
super_pole_position/envs/pole_position.py:431: error: Call to untyped function "_get_obs" in typed context  [no-untyped-call]
super_pole_position/envs/pole_position.py:435: error: Missing type parameters for generic type "dict"  [type-arg]
super_pole_position/envs/pole_position.py:456: error: Call to untyped function "TrafficCar" in typed context  [no-untyped-call]
super_pole_position/envs/pole_position.py:480: error: Call to untyped function "_get_obs" in typed context  [no-untyped-call]
super_pole_position/envs/pole_position.py:524: error: Call to untyped function "_get_obs" in typed context  [no-untyped-call]
super_pole_position/envs/pole_position.py:604: error: "Car" has no attribute "policy"  [attr-defined]
super_pole_position/envs/pole_position.py:687: error: Call to untyped function "_play_binaural_audio" in typed context  [no-untyped-call]
super_pole_position/envs/pole_position.py:703: error: "Car" has no attribute "prev_x"  [attr-defined]
super_pole_position/envs/pole_position.py:709: error: Incompatible types in assignment (expression has type "float", variable has type "None")  [assignment]
super_pole_position/envs/pole_position.py:720: error: Unsupported operand types for * ("None" and "int")  [operator]
super_pole_position/envs/pole_position.py:745: error: Incompatible types in assignment (expression has type "float", variable has type "None")  [assignment]
super_pole_position/envs/pole_position.py:755: error: Call to untyped function "distance" in typed context  [no-untyped-call]
super_pole_position/envs/pole_position.py:800: error: Call to untyped function "_get_obs" in typed context  [no-untyped-call]
super_pole_position/envs/pole_position.py:827: error: Incompatible types in assignment (expression has type "Surface", variable has type "None")  [assignment]
super_pole_position/envs/pole_position.py:829: error: Incompatible types in assignment (expression has type "Clock", variable has type "None")  [assignment]
super_pole_position/envs/pole_position.py:830: error: Call to untyped function "Pseudo3DRenderer" in typed context  [no-untyped-call]
super_pole_position/envs/pole_position.py:830: error: Incompatible types in assignment (expression has type "Pseudo3DRenderer", variable has type "None")  [assignment]
super_pole_position/envs/pole_position.py:837: error: Incompatible types in assignment (expression has type "Surface", variable has type "None")  [assignment]
super_pole_position/envs/pole_position.py:839: error: Incompatible types in assignment (expression has type "Clock", variable has type "None")  [assignment]
super_pole_position/envs/pole_position.py:840: error: Call to untyped function "Pseudo3DRenderer" in typed context  [no-untyped-call]
super_pole_position/envs/pole_position.py:840: error: Incompatible types in assignment (expression has type "Pseudo3DRenderer", variable has type "None")  [assignment]
super_pole_position/envs/pole_position.py:844: error: Incompatible types in assignment (expression has type "None", variable has type Module)  [assignment]
super_pole_position/envs/pole_position.py:849: error: Incompatible types in assignment (expression has type "None", variable has type Module)  [assignment]
super_pole_position/envs/pole_position.py:878: error: "None" has no attribute "fill"  [attr-defined]
super_pole_position/envs/pole_position.py:880: error: Argument 1 to "rect" has incompatible type "None"; expected "Surface"  [arg-type]
super_pole_position/envs/pole_position.py:894: error: Argument 1 to "circle" has incompatible type "None"; expected "Surface"  [arg-type]
super_pole_position/envs/pole_position.py:899: error: Argument 1 to "circle" has incompatible type "None"; expected "Surface"  [arg-type]
super_pole_position/envs/pole_position.py:901: error: Function is missing a type annotation  [no-untyped-def]
super_pole_position/envs/pole_position.py:908: error: Function is missing a type annotation  [no-untyped-def]
super_pole_position/envs/pole_position.py:920: error: Call to untyped function "engine_wave" in typed context  [no-untyped-call]
super_pole_position/envs/pole_position.py:921: error: Call to untyped function "engine_wave" in typed context  [no-untyped-call]
super_pole_position/envs/pole_position.py:951: error: Incompatible types in assignment (expression has type "Channel", variable has type "None")  [assignment]
super_pole_position/envs/pole_position.py:1016: error: Function is missing a type annotation for one or more arguments  [no-untyped-def]
super_pole_position/envs/pole_position.py:1074: error: Incompatible types in assignment (expression has type "Channel", variable has type "None")  [assignment]
super_pole_position/envs/pole_position.py:1123: error: Function is missing a return type annotation  [no-untyped-def]
super_pole_position/envs/pole_position.py:1136: error: Call to untyped function "distance" in typed context  [no-untyped-call]
super_pole_position/cli.py:40: error: Function is missing a type annotation for one or more arguments  [no-untyped-def]
super_pole_position/cli.py:140: error: Incompatible types in assignment (expression has type "dict[str, Any]", variable has type "ArgumentParser")  [assignment]
super_pole_position/cli.py:141: error: Value of type "ArgumentParser" is not indexable  [index]
super_pole_position/cli.py:192: error: Argument 3 to "update_leaderboard" has incompatible type "dict[str, float | int | str | None]"; expected "dict[str, float | int | None]"  [arg-type]
super_pole_position/cli.py:248: error: Argument 3 to "update_leaderboard" has incompatible type "dict[str, float | int | str | None]"; expected "dict[str, float | int | None]"  [arg-type]
Found 156 errors in 17 files (checked 38 source files)
